       Fresh unicode-ident v1.0.19
       Fresh proc-macro2 v1.0.101
       Fresh quote v1.0.40
       Fresh syn v2.0.106
       Fresh serde_core v1.0.224
       Fresh ryu v1.0.20
       Fresh itoa v1.0.15
       Fresh serde_derive v1.0.224
       Fresh memchr v2.7.5
       Fresh ident_case v1.0.1
       Fresh fnv v1.0.7
       Fresh serde v1.0.224
       Fresh serde_json v1.0.145
       Fresh autocfg v1.5.0
       Fresh strsim v0.11.1
       Fresh crate-git-revision v0.0.6
       Fresh darling_core v0.20.11
       Fresh thiserror-impl v1.0.69
       Fresh darling_macro v0.20.11
       Fresh darling v0.20.11
       Fresh thiserror v1.0.69
       Fresh semver v1.0.27
       Fresh serde_with_macros v3.14.0
       Fresh base32 v0.4.0
       Fresh version_check v0.9.5
       Fresh serde_with v3.14.0
       Fresh stellar-strkey v0.0.8
       Fresh hex v0.4.3
       Fresh typenum v1.18.0
       Fresh generic-array v0.14.7
       Fresh either v1.15.0
       Fresh rustc_version v0.4.1
       Fresh itertools v0.11.0
       Fresh equivalent v1.0.2
       Fresh hashbrown v0.15.5
       Fresh indexmap v2.11.3
       Fresh soroban-env-macros v21.2.1
       Fresh crypto-common v0.1.6
       Fresh block-buffer v0.10.4
       Fresh num-derive v0.4.2
       Fresh digest v0.10.7
       Fresh wasmparser v0.116.1
       Fresh cpufeatures v0.2.17
       Fresh cfg-if v1.0.3
       Fresh base64 v0.13.1
       Fresh escape-bytes v0.1.1
       Fresh soroban-spec v21.7.7
       Fresh sha2 v0.10.9
       Fresh num-traits v0.2.19
       Fresh stellar-xdr v21.2.0
       Fresh prettyplease v0.2.37
       Fresh num-integer v0.1.46
   Compiling soroban-sdk-macros v21.7.7
       Fresh ethnum v1.5.2
       Fresh static_assertions v1.1.0
       Fresh soroban-env-common v21.2.1
       Fresh soroban-spec-rust v21.7.7
     Running `/home/allanrpereira/.rustup/toolchains/stable-x86_64-unknown-linux-gnu/bin/rustc --crate-name build_script_build --edition=2021 /home/allanrpereira/.cargo/registry/src/index.crates.io-1949cf8c6b5b557f/soroban-sdk-macros-21.7.7/build.rs --error-format=json --json=diagnostic-rendered-ansi,artifacts,future-incompat --crate-type bin --emit=dep-info,link -C embed-bitcode=no -C debug-assertions=off -C overflow-checks=on --check-cfg 'cfg(docsrs,test)' --check-cfg 'cfg(feature, values("testutils"))' -C metadata=530036539697978e -C extra-filename=-026aa496581fec33 --out-dir /home/allanrpereira/Documentos/Projetos/Meridian/proofly/Contrato/contracts/badgecontract/target/release/build/soroban-sdk-macros-026aa496581fec33 -C strip=symbols -L dependency=/home/allanrpereira/Documentos/Projetos/Meridian/proofly/Contrato/contracts/badgecontract/target/release/deps --extern crate_git_revision=/home/allanrpereira/Documentos/Projetos/Meridian/proofly/Contrato/contracts/badgecontract/target/release/deps/libcrate_git_revision-74eb721054d9bedc.rlib --extern rustc_version=/home/allanrpereira/Documentos/Projetos/Meridian/proofly/Contrato/contracts/badgecontract/target/release/deps/librustc_version-695a229cd9345872.rlib --cap-lints allow`
       Fresh num-bigint v0.4.6
   Compiling soroban-sdk v21.7.7
       Fresh soroban-env-guest v21.2.1
       Fresh bytes-lit v0.0.5
     Running `/home/allanrpereira/.rustup/toolchains/stable-x86_64-unknown-linux-gnu/bin/rustc --crate-name build_script_build --edition=2021 /home/allanrpereira/.cargo/registry/src/index.crates.io-1949cf8c6b5b557f/soroban-sdk-21.7.7/build.rs --error-format=json --json=diagnostic-rendered-ansi,artifacts,future-incompat --crate-type bin --emit=dep-info,link -C embed-bitcode=no -C debug-assertions=off -C overflow-checks=on --check-cfg 'cfg(docsrs,test)' --check-cfg 'cfg(feature, values("alloc", "curve25519-dalek", "docs", "hazmat", "testutils"))' -C metadata=f1b43fe6d45c6eed -C extra-filename=-3fbffc90012896ec --out-dir /home/allanrpereira/Documentos/Projetos/Meridian/proofly/Contrato/contracts/badgecontract/target/release/build/soroban-sdk-3fbffc90012896ec -C strip=symbols -L dependency=/home/allanrpereira/Documentos/Projetos/Meridian/proofly/Contrato/contracts/badgecontract/target/release/deps --extern rustc_version=/home/allanrpereira/Documentos/Projetos/Meridian/proofly/Contrato/contracts/badgecontract/target/release/deps/librustc_version-695a229cd9345872.rlib --cap-lints allow`
     Running `/home/allanrpereira/Documentos/Projetos/Meridian/proofly/Contrato/contracts/badgecontract/target/release/build/soroban-sdk-3fbffc90012896ec/build-script-build`
     Running `/home/allanrpereira/Documentos/Projetos/Meridian/proofly/Contrato/contracts/badgecontract/target/release/build/soroban-sdk-macros-026aa496581fec33/build-script-build`
     Running `/home/allanrpereira/.rustup/toolchains/stable-x86_64-unknown-linux-gnu/bin/rustc --crate-name soroban_sdk_macros --edition=2021 /home/allanrpereira/.cargo/registry/src/index.crates.io-1949cf8c6b5b557f/soroban-sdk-macros-21.7.7/src/lib.rs --error-format=json --json=diagnostic-rendered-ansi,artifacts,future-incompat --crate-type proc-macro --emit=dep-info,link -C prefer-dynamic -C embed-bitcode=no -C debug-assertions=off -C overflow-checks=on --check-cfg 'cfg(docsrs,test)' --check-cfg 'cfg(feature, values("testutils"))' -C metadata=2eeb6c3b1c3ff3d2 -C extra-filename=-decc89dbc9b301e8 --out-dir /home/allanrpereira/Documentos/Projetos/Meridian/proofly/Contrato/contracts/badgecontract/target/release/deps -C strip=symbols -L dependency=/home/allanrpereira/Documentos/Projetos/Meridian/proofly/Contrato/contracts/badgecontract/target/release/deps --extern darling=/home/allanrpereira/Documentos/Projetos/Meridian/proofly/Contrato/contracts/badgecontract/target/release/deps/libdarling-e0d13a4aafe8fc45.rlib --extern itertools=/home/allanrpereira/Documentos/Projetos/Meridian/proofly/Contrato/contracts/badgecontract/target/release/deps/libitertools-a0bcba8ad52b80ef.rlib --extern proc_macro2=/home/allanrpereira/Documentos/Projetos/Meridian/proofly/Contrato/contracts/badgecontract/target/release/deps/libproc_macro2-df9c890f7be9aaeb.rlib --extern quote=/home/allanrpereira/Documentos/Projetos/Meridian/proofly/Contrato/contracts/badgecontract/target/release/deps/libquote-7288c7db30d903d8.rlib --extern sha2=/home/allanrpereira/Documentos/Projetos/Meridian/proofly/Contrato/contracts/badgecontract/target/release/deps/libsha2-e27a97916e22a2d2.rlib --extern soroban_env_common=/home/allanrpereira/Documentos/Projetos/Meridian/proofly/Contrato/contracts/badgecontract/target/release/deps/libsoroban_env_common-6700e271047e8aa7.rlib --extern soroban_spec=/home/allanrpereira/Documentos/Projetos/Meridian/proofly/Contrato/contracts/badgecontract/target/release/deps/libsoroban_spec-9bb30cdf0f2cc96c.rlib --extern soroban_spec_rust=/home/allanrpereira/Documentos/Projetos/Meridian/proofly/Contrato/contracts/badgecontract/target/release/deps/libsoroban_spec_rust-2a9f2db123a3866e.rlib --extern stellar_xdr=/home/allanrpereira/Documentos/Projetos/Meridian/proofly/Contrato/contracts/badgecontract/target/release/deps/libstellar_xdr-d00d86dcfc9e1a9b.rlib --extern syn=/home/allanrpereira/Documentos/Projetos/Meridian/proofly/Contrato/contracts/badgecontract/target/release/deps/libsyn-5f1ce02fb51f7b27.rlib --extern proc_macro --cap-lints allow`
     Running `/home/allanrpereira/.rustup/toolchains/stable-x86_64-unknown-linux-gnu/bin/rustc --crate-name soroban_sdk --edition=2021 /home/allanrpereira/.cargo/registry/src/index.crates.io-1949cf8c6b5b557f/soroban-sdk-21.7.7/src/lib.rs --error-format=json --json=diagnostic-rendered-ansi,artifacts,future-incompat --crate-type lib --emit=dep-info,metadata,link -C opt-level=z -C panic=abort -C linker-plugin-lto -C codegen-units=1 -C overflow-checks=on --check-cfg 'cfg(docsrs,test)' --check-cfg 'cfg(feature, values("alloc", "curve25519-dalek", "docs", "hazmat", "testutils"))' -C metadata=32998b6f2d28f3f4 -C extra-filename=-65e070077b8ee57c --out-dir /home/allanrpereira/Documentos/Projetos/Meridian/proofly/Contrato/contracts/badgecontract/target/wasm32-unknown-unknown/release/deps --target wasm32-unknown-unknown -C strip=symbols -L dependency=/home/allanrpereira/Documentos/Projetos/Meridian/proofly/Contrato/contracts/badgecontract/target/wasm32-unknown-unknown/release/deps -L dependency=/home/allanrpereira/Documentos/Projetos/Meridian/proofly/Contrato/contracts/badgecontract/target/release/deps --extern bytes_lit=/home/allanrpereira/Documentos/Projetos/Meridian/proofly/Contrato/contracts/badgecontract/target/release/deps/libbytes_lit-f66d7940e939726e.so --extern soroban_env_guest=/home/allanrpereira/Documentos/Projetos/Meridian/proofly/Contrato/contracts/badgecontract/target/wasm32-unknown-unknown/release/deps/libsoroban_env_guest-aeaaea8127902c04.rmeta --extern soroban_sdk_macros=/home/allanrpereira/Documentos/Projetos/Meridian/proofly/Contrato/contracts/badgecontract/target/release/deps/libsoroban_sdk_macros-decc89dbc9b301e8.so --cap-lints allow`
   Compiling badgecontract v0.1.0 (/home/allanrpereira/Documentos/Projetos/Meridian/proofly/Contrato/contracts/badgecontract)
     Running `/home/allanrpereira/.rustup/toolchains/stable-x86_64-unknown-linux-gnu/bin/rustc --crate-name badgecontract --edition=2021 src/badgecontract.rs --error-format=json --json=diagnostic-rendered-ansi,artifacts,future-incompat --crate-type cdylib --emit=dep-info,link -C opt-level=z -C panic=abort -C lto -C codegen-units=1 -C overflow-checks=on --check-cfg 'cfg(docsrs,test)' --check-cfg 'cfg(feature, values())' -C metadata=ca31939db3f34ac5 --out-dir /home/allanrpereira/Documentos/Projetos/Meridian/proofly/Contrato/contracts/badgecontract/target/wasm32-unknown-unknown/release/deps --target wasm32-unknown-unknown -C strip=symbols -L dependency=/home/allanrpereira/Documentos/Projetos/Meridian/proofly/Contrato/contracts/badgecontract/target/wasm32-unknown-unknown/release/deps -L dependency=/home/allanrpereira/Documentos/Projetos/Meridian/proofly/Contrato/contracts/badgecontract/target/release/deps --extern soroban_sdk=/home/allanrpereira/Documentos/Projetos/Meridian/proofly/Contrato/contracts/badgecontract/target/wasm32-unknown-unknown/release/deps/libsoroban_sdk-65e070077b8ee57c.rlib`
error[E0599]: no method named `current_contract` found for struct `Env` in the current scope
  --> src/badgecontract.rs:50:36
   |
50 | ...   badge_contract_id: env.current_contract(), org: 0, name: String::from_slice(&env, ""), description: String::from_slice(&env, ""), a...
   |                              ^^^^^^^^^^^^^^^^
   |
help: there is a method `current_contract_address` with a similar name
   |
50 |             badge_contract_id: env.current_contract_address(), org: 0, name: String::from_slice(&env, ""), description: String::from_slice(&env, ""), acronym: String::from_slice(&env, "") 
   |                                                    ++++++++

warning: use of deprecated associated function `soroban_sdk::String::from_slice`: use from_str
  --> src/badgecontract.rs:50:78
   |
50 | ...   badge_contract_id: env.current_contract(), org: 0, name: String::from_slice(&env, ""), description: String::from_slice(&env, ""), a...
   |                                                                        ^^^^^^^^^^
   |
   = note: `#[warn(deprecated)]` on by default

warning: use of deprecated associated function `soroban_sdk::String::from_slice`: use from_str
  --> src/badgecontract.rs:50:121
   |
50 | ...   badge_contract_id: env.current_contract(), org: 0, name: String::from_slice(&env, ""), description: String::from_slice(&env, ""), a...
   |                                                                                                                   ^^^^^^^^^^

warning: use of deprecated associated function `soroban_sdk::String::from_slice`: use from_str
  --> src/badgecontract.rs:50:160
   |
50 | ..., description: String::from_slice(&env, ""), acronym: String::from_slice(&env, "") 
   |                                                                  ^^^^^^^^^^

For more information about this error, try `rustc --explain E0599`.
warning: `badgecontract` (lib) generated 3 warnings
error: could not compile `badgecontract` (lib) due to 1 previous error; 3 warnings emitted

Caused by:
  process didn't exit successfully: `/home/allanrpereira/.rustup/toolchains/stable-x86_64-unknown-linux-gnu/bin/rustc --crate-name badgecontract --edition=2021 src/badgecontract.rs --error-format=json --json=diagnostic-rendered-ansi,artifacts,future-incompat --crate-type cdylib --emit=dep-info,link -C opt-level=z -C panic=abort -C lto -C codegen-units=1 -C overflow-checks=on --check-cfg 'cfg(docsrs,test)' --check-cfg 'cfg(feature, values())' -C metadata=ca31939db3f34ac5 --out-dir /home/allanrpereira/Documentos/Projetos/Meridian/proofly/Contrato/contracts/badgecontract/target/wasm32-unknown-unknown/release/deps --target wasm32-unknown-unknown -C strip=symbols -L dependency=/home/allanrpereira/Documentos/Projetos/Meridian/proofly/Contrato/contracts/badgecontract/target/wasm32-unknown-unknown/release/deps -L dependency=/home/allanrpereira/Documentos/Projetos/Meridian/proofly/Contrato/contracts/badgecontract/target/release/deps --extern soroban_sdk=/home/allanrpereira/Documentos/Projetos/Meridian/proofly/Contrato/contracts/badgecontract/target/wasm32-unknown-unknown/release/deps/libsoroban_sdk-65e070077b8ee57c.rlib` (exit status: 1)
